<?xml version="1.0" encoding="UTF-8"?>
<testsuite xmlns:xsi="http://www.w3.org/2001/XMLSchema-instance" xsi:noNamespaceSchemaLocation="https://maven.apache.org/surefire/maven-surefire-plugin/xsd/surefire-test-report.xsd" name="com.lipengwei.fsd.AppTest" time="0.055" tests="1" errors="0" skipped="0" failures="0">
  <properties>
    <property name="sun.desktop" value="windows"/>
    <property name="awt.toolkit" value="sun.awt.windows.WToolkit"/>
    <property name="file.encoding.pkg" value="sun.io"/>
    <property name="java.specification.version" value="1.8"/>
    <property name="sun.jnu.encoding" value="GB18030"/>
    <property name="java.class.path" value="C:\Users\PengWeiLi\leetcode\FSD-Assignments-07\target\test-classes;C:\Users\PengWeiLi\leetcode\FSD-Assignments-07\target\classes;C:\Develop\mavenReposity\junit\junit\4.11\junit-4.11.jar;C:\Develop\mavenReposity\org\hamcrest\hamcrest-core\1.3\hamcrest-core-1.3.jar;C:\Develop\mavenReposity\org\springframework\boot\spring-boot-starter-data-jpa\2.1.7.RELEASE\spring-boot-starter-data-jpa-2.1.7.RELEASE.jar;C:\Develop\mavenReposity\org\springframework\boot\spring-boot-starter-aop\2.1.7.RELEASE\spring-boot-starter-aop-2.1.7.RELEASE.jar;C:\Develop\mavenReposity\org\springframework\spring-aop\5.1.9.RELEASE\spring-aop-5.1.9.RELEASE.jar;C:\Develop\mavenReposity\org\aspectj\aspectjweaver\1.9.4\aspectjweaver-1.9.4.jar;C:\Develop\mavenReposity\org\springframework\boot\spring-boot-starter-jdbc\2.1.7.RELEASE\spring-boot-starter-jdbc-2.1.7.RELEASE.jar;C:\Develop\mavenReposity\com\zaxxer\HikariCP\3.2.0\HikariCP-3.2.0.jar;C:\Develop\mavenReposity\org\springframework\spring-jdbc\5.1.9.RELEASE\spring-jdbc-5.1.9.RELEASE.jar;C:\Develop\mavenReposity\javax\transaction\javax.transaction-api\1.3\javax.transaction-api-1.3.jar;C:\Develop\mavenReposity\javax\xml\bind\jaxb-api\2.3.1\jaxb-api-2.3.1.jar;C:\Develop\mavenReposity\javax\activation\javax.activation-api\1.2.0\javax.activation-api-1.2.0.jar;C:\Develop\mavenReposity\org\hibernate\hibernate-core\5.3.10.Final\hibernate-core-5.3.10.Final.jar;C:\Develop\mavenReposity\org\jboss\logging\jboss-logging\3.3.2.Final\jboss-logging-3.3.2.Final.jar;C:\Develop\mavenReposity\javax\persistence\javax.persistence-api\2.2\javax.persistence-api-2.2.jar;C:\Develop\mavenReposity\org\javassist\javassist\3.23.2-GA\javassist-3.23.2-GA.jar;C:\Develop\mavenReposity\net\bytebuddy\byte-buddy\1.9.16\byte-buddy-1.9.16.jar;C:\Develop\mavenReposity\antlr\antlr\2.7.7\antlr-2.7.7.jar;C:\Develop\mavenReposity\org\jboss\jandex\2.0.5.Final\jandex-2.0.5.Final.jar;C:\Develop\mavenReposity\com\fasterxml\classmate\1.4.0\classmate-1.4.0.jar;C:\Develop\mavenReposity\org\dom4j\dom4j\2.1.1\dom4j-2.1.1.jar;C:\Develop\mavenReposity\org\hibernate\common\hibernate-commons-annotations\5.0.4.Final\hibernate-commons-annotations-5.0.4.Final.jar;C:\Develop\mavenReposity\org\springframework\data\spring-data-jpa\2.1.10.RELEASE\spring-data-jpa-2.1.10.RELEASE.jar;C:\Develop\mavenReposity\org\springframework\data\spring-data-commons\2.1.10.RELEASE\spring-data-commons-2.1.10.RELEASE.jar;C:\Develop\mavenReposity\org\springframework\spring-orm\5.1.9.RELEASE\spring-orm-5.1.9.RELEASE.jar;C:\Develop\mavenReposity\org\springframework\spring-context\5.1.9.RELEASE\spring-context-5.1.9.RELEASE.jar;C:\Develop\mavenReposity\org\springframework\spring-tx\5.1.9.RELEASE\spring-tx-5.1.9.RELEASE.jar;C:\Develop\mavenReposity\org\springframework\spring-beans\5.1.9.RELEASE\spring-beans-5.1.9.RELEASE.jar;C:\Develop\mavenReposity\org\slf4j\slf4j-api\1.7.26\slf4j-api-1.7.26.jar;C:\Develop\mavenReposity\org\springframework\spring-aspects\5.1.9.RELEASE\spring-aspects-5.1.9.RELEASE.jar;C:\Develop\mavenReposity\org\springframework\boot\spring-boot-starter-thymeleaf\2.1.7.RELEASE\spring-boot-starter-thymeleaf-2.1.7.RELEASE.jar;C:\Develop\mavenReposity\org\springframework\boot\spring-boot-starter\2.1.7.RELEASE\spring-boot-starter-2.1.7.RELEASE.jar;C:\Develop\mavenReposity\org\springframework\boot\spring-boot\2.1.7.RELEASE\spring-boot-2.1.7.RELEASE.jar;C:\Develop\mavenReposity\org\springframework\boot\spring-boot-autoconfigure\2.1.7.RELEASE\spring-boot-autoconfigure-2.1.7.RELEASE.jar;C:\Develop\mavenReposity\org\springframework\boot\spring-boot-starter-logging\2.1.7.RELEASE\spring-boot-starter-logging-2.1.7.RELEASE.jar;C:\Develop\mavenReposity\ch\qos\logback\logback-classic\1.2.3\logback-classic-1.2.3.jar;C:\Develop\mavenReposity\ch\qos\logback\logback-core\1.2.3\logback-core-1.2.3.jar;C:\Develop\mavenReposity\org\apache\logging\log4j\log4j-to-slf4j\2.11.2\log4j-to-slf4j-2.11.2.jar;C:\Develop\mavenReposity\org\apache\logging\log4j\log4j-api\2.11.2\log4j-api-2.11.2.jar;C:\Develop\mavenReposity\org\slf4j\jul-to-slf4j\1.7.26\jul-to-slf4j-1.7.26.jar;C:\Develop\mavenReposity\javax\annotation\javax.annotation-api\1.3.2\javax.annotation-api-1.3.2.jar;C:\Develop\mavenReposity\org\yaml\snakeyaml\1.23\snakeyaml-1.23.jar;C:\Develop\mavenReposity\org\thymeleaf\thymeleaf-spring5\3.0.11.RELEASE\thymeleaf-spring5-3.0.11.RELEASE.jar;C:\Develop\mavenReposity\org\thymeleaf\thymeleaf\3.0.11.RELEASE\thymeleaf-3.0.11.RELEASE.jar;C:\Develop\mavenReposity\org\attoparser\attoparser\2.0.5.RELEASE\attoparser-2.0.5.RELEASE.jar;C:\Develop\mavenReposity\org\unbescape\unbescape\1.1.6.RELEASE\unbescape-1.1.6.RELEASE.jar;C:\Develop\mavenReposity\org\thymeleaf\extras\thymeleaf-extras-java8time\3.0.4.RELEASE\thymeleaf-extras-java8time-3.0.4.RELEASE.jar;C:\Develop\mavenReposity\org\springframework\boot\spring-boot-starter-web\2.1.7.RELEASE\spring-boot-starter-web-2.1.7.RELEASE.jar;C:\Develop\mavenReposity\org\springframework\boot\spring-boot-starter-json\2.1.7.RELEASE\spring-boot-starter-json-2.1.7.RELEASE.jar;C:\Develop\mavenReposity\com\fasterxml\jackson\core\jackson-databind\2.9.9\jackson-databind-2.9.9.jar;C:\Develop\mavenReposity\com\fasterxml\jackson\core\jackson-annotations\2.9.0\jackson-annotations-2.9.0.jar;C:\Develop\mavenReposity\com\fasterxml\jackson\core\jackson-core\2.9.9\jackson-core-2.9.9.jar;C:\Develop\mavenReposity\com\fasterxml\jackson\datatype\jackson-datatype-jdk8\2.9.9\jackson-datatype-jdk8-2.9.9.jar;C:\Develop\mavenReposity\com\fasterxml\jackson\datatype\jackson-datatype-jsr310\2.9.9\jackson-datatype-jsr310-2.9.9.jar;C:\Develop\mavenReposity\com\fasterxml\jackson\module\jackson-module-parameter-names\2.9.9\jackson-module-parameter-names-2.9.9.jar;C:\Develop\mavenReposity\org\springframework\boot\spring-boot-starter-tomcat\2.1.7.RELEASE\spring-boot-starter-tomcat-2.1.7.RELEASE.jar;C:\Develop\mavenReposity\org\apache\tomcat\embed\tomcat-embed-core\9.0.22\tomcat-embed-core-9.0.22.jar;C:\Develop\mavenReposity\org\apache\tomcat\embed\tomcat-embed-el\9.0.22\tomcat-embed-el-9.0.22.jar;C:\Develop\mavenReposity\org\apache\tomcat\embed\tomcat-embed-websocket\9.0.22\tomcat-embed-websocket-9.0.22.jar;C:\Develop\mavenReposity\org\hibernate\validator\hibernate-validator\6.0.17.Final\hibernate-validator-6.0.17.Final.jar;C:\Develop\mavenReposity\javax\validation\validation-api\2.0.1.Final\validation-api-2.0.1.Final.jar;C:\Develop\mavenReposity\org\springframework\spring-web\5.1.9.RELEASE\spring-web-5.1.9.RELEASE.jar;C:\Develop\mavenReposity\org\springframework\spring-webmvc\5.1.9.RELEASE\spring-webmvc-5.1.9.RELEASE.jar;C:\Develop\mavenReposity\org\springframework\spring-expression\5.1.9.RELEASE\spring-expression-5.1.9.RELEASE.jar;C:\Develop\mavenReposity\com\h2database\h2\1.4.199\h2-1.4.199.jar;C:\Develop\mavenReposity\org\springframework\boot\spring-boot-starter-test\2.1.7.RELEASE\spring-boot-starter-test-2.1.7.RELEASE.jar;C:\Develop\mavenReposity\org\springframework\boot\spring-boot-test\2.1.7.RELEASE\spring-boot-test-2.1.7.RELEASE.jar;C:\Develop\mavenReposity\org\springframework\boot\spring-boot-test-autoconfigure\2.1.7.RELEASE\spring-boot-test-autoconfigure-2.1.7.RELEASE.jar;C:\Develop\mavenReposity\com\jayway\jsonpath\json-path\2.4.0\json-path-2.4.0.jar;C:\Develop\mavenReposity\net\minidev\json-smart\2.3\json-smart-2.3.jar;C:\Develop\mavenReposity\net\minidev\accessors-smart\1.2\accessors-smart-1.2.jar;C:\Develop\mavenReposity\org\ow2\asm\asm\5.0.4\asm-5.0.4.jar;C:\Develop\mavenReposity\org\assertj\assertj-core\3.11.1\assertj-core-3.11.1.jar;C:\Develop\mavenReposity\org\mockito\mockito-core\2.23.4\mockito-core-2.23.4.jar;C:\Develop\mavenReposity\net\bytebuddy\byte-buddy-agent\1.9.16\byte-buddy-agent-1.9.16.jar;C:\Develop\mavenReposity\org\objenesis\objenesis\2.6\objenesis-2.6.jar;C:\Develop\mavenReposity\org\hamcrest\hamcrest-library\1.3\hamcrest-library-1.3.jar;C:\Develop\mavenReposity\org\skyscreamer\jsonassert\1.5.0\jsonassert-1.5.0.jar;C:\Develop\mavenReposity\com\vaadin\external\google\android-json\0.0.20131108.vaadin1\android-json-0.0.20131108.vaadin1.jar;C:\Develop\mavenReposity\org\springframework\spring-core\5.1.9.RELEASE\spring-core-5.1.9.RELEASE.jar;C:\Develop\mavenReposity\org\springframework\spring-jcl\5.1.9.RELEASE\spring-jcl-5.1.9.RELEASE.jar;C:\Develop\mavenReposity\org\springframework\spring-test\5.1.9.RELEASE\spring-test-5.1.9.RELEASE.jar;C:\Develop\mavenReposity\org\xmlunit\xmlunit-core\2.6.3\xmlunit-core-2.6.3.jar;"/>
    <property name="java.vm.vendor" value="IBM Corporation"/>
    <property name="com.ibm.zero.version" value="2"/>
    <property name="sun.arch.data.model" value="64"/>
    <property name="com.ibm.vm.bitmode" value="64"/>
    <property name="user.variant" value=""/>
    <property name="com.ibm.oti.vm.library.version" value="29"/>
    <property name="java.vendor.url" value="http://www.ibm.com"/>
    <property name="user.timezone" value="Asia/Shanghai"/>
    <property name="os.name" value="Windows 10"/>
    <property name="java.vm.specification.version" value="1.8"/>
    <property name="sun.java.launcher" value="SUN_STANDARD"/>
    <property name="user.country" value="CN"/>
    <property name="sun.boot.library.path" value="C:\eclipseDevelopmentPackage\ibm_sdk80\jre\bin\compressedrefs;C:\eclipseDevelopmentPackage\ibm_sdk80\jre\bin"/>
    <property name="sun.java.command" value="C:\Users\PENGWE~1\AppData\Local\Temp\surefire6349870836603880371\surefirebooter6449661204078164181.jar C:\Users\PengWeiLi\AppData\Local\Temp\surefire6349870836603880371 2020-05-29T10-32-52_420-jvmRun1 surefire5743293445136033700tmp surefire_06669357521529289445tmp"/>
    <property name="surefire.test.class.path" value="C:\Users\PengWeiLi\leetcode\FSD-Assignments-07\target\test-classes;C:\Users\PengWeiLi\leetcode\FSD-Assignments-07\target\classes;C:\Develop\mavenReposity\junit\junit\4.11\junit-4.11.jar;C:\Develop\mavenReposity\org\hamcrest\hamcrest-core\1.3\hamcrest-core-1.3.jar;C:\Develop\mavenReposity\org\springframework\boot\spring-boot-starter-data-jpa\2.1.7.RELEASE\spring-boot-starter-data-jpa-2.1.7.RELEASE.jar;C:\Develop\mavenReposity\org\springframework\boot\spring-boot-starter-aop\2.1.7.RELEASE\spring-boot-starter-aop-2.1.7.RELEASE.jar;C:\Develop\mavenReposity\org\springframework\spring-aop\5.1.9.RELEASE\spring-aop-5.1.9.RELEASE.jar;C:\Develop\mavenReposity\org\aspectj\aspectjweaver\1.9.4\aspectjweaver-1.9.4.jar;C:\Develop\mavenReposity\org\springframework\boot\spring-boot-starter-jdbc\2.1.7.RELEASE\spring-boot-starter-jdbc-2.1.7.RELEASE.jar;C:\Develop\mavenReposity\com\zaxxer\HikariCP\3.2.0\HikariCP-3.2.0.jar;C:\Develop\mavenReposity\org\springframework\spring-jdbc\5.1.9.RELEASE\spring-jdbc-5.1.9.RELEASE.jar;C:\Develop\mavenReposity\javax\transaction\javax.transaction-api\1.3\javax.transaction-api-1.3.jar;C:\Develop\mavenReposity\javax\xml\bind\jaxb-api\2.3.1\jaxb-api-2.3.1.jar;C:\Develop\mavenReposity\javax\activation\javax.activation-api\1.2.0\javax.activation-api-1.2.0.jar;C:\Develop\mavenReposity\org\hibernate\hibernate-core\5.3.10.Final\hibernate-core-5.3.10.Final.jar;C:\Develop\mavenReposity\org\jboss\logging\jboss-logging\3.3.2.Final\jboss-logging-3.3.2.Final.jar;C:\Develop\mavenReposity\javax\persistence\javax.persistence-api\2.2\javax.persistence-api-2.2.jar;C:\Develop\mavenReposity\org\javassist\javassist\3.23.2-GA\javassist-3.23.2-GA.jar;C:\Develop\mavenReposity\net\bytebuddy\byte-buddy\1.9.16\byte-buddy-1.9.16.jar;C:\Develop\mavenReposity\antlr\antlr\2.7.7\antlr-2.7.7.jar;C:\Develop\mavenReposity\org\jboss\jandex\2.0.5.Final\jandex-2.0.5.Final.jar;C:\Develop\mavenReposity\com\fasterxml\classmate\1.4.0\classmate-1.4.0.jar;C:\Develop\mavenReposity\org\dom4j\dom4j\2.1.1\dom4j-2.1.1.jar;C:\Develop\mavenReposity\org\hibernate\common\hibernate-commons-annotations\5.0.4.Final\hibernate-commons-annotations-5.0.4.Final.jar;C:\Develop\mavenReposity\org\springframework\data\spring-data-jpa\2.1.10.RELEASE\spring-data-jpa-2.1.10.RELEASE.jar;C:\Develop\mavenReposity\org\springframework\data\spring-data-commons\2.1.10.RELEASE\spring-data-commons-2.1.10.RELEASE.jar;C:\Develop\mavenReposity\org\springframework\spring-orm\5.1.9.RELEASE\spring-orm-5.1.9.RELEASE.jar;C:\Develop\mavenReposity\org\springframework\spring-context\5.1.9.RELEASE\spring-context-5.1.9.RELEASE.jar;C:\Develop\mavenReposity\org\springframework\spring-tx\5.1.9.RELEASE\spring-tx-5.1.9.RELEASE.jar;C:\Develop\mavenReposity\org\springframework\spring-beans\5.1.9.RELEASE\spring-beans-5.1.9.RELEASE.jar;C:\Develop\mavenReposity\org\slf4j\slf4j-api\1.7.26\slf4j-api-1.7.26.jar;C:\Develop\mavenReposity\org\springframework\spring-aspects\5.1.9.RELEASE\spring-aspects-5.1.9.RELEASE.jar;C:\Develop\mavenReposity\org\springframework\boot\spring-boot-starter-thymeleaf\2.1.7.RELEASE\spring-boot-starter-thymeleaf-2.1.7.RELEASE.jar;C:\Develop\mavenReposity\org\springframework\boot\spring-boot-starter\2.1.7.RELEASE\spring-boot-starter-2.1.7.RELEASE.jar;C:\Develop\mavenReposity\org\springframework\boot\spring-boot\2.1.7.RELEASE\spring-boot-2.1.7.RELEASE.jar;C:\Develop\mavenReposity\org\springframework\boot\spring-boot-autoconfigure\2.1.7.RELEASE\spring-boot-autoconfigure-2.1.7.RELEASE.jar;C:\Develop\mavenReposity\org\springframework\boot\spring-boot-starter-logging\2.1.7.RELEASE\spring-boot-starter-logging-2.1.7.RELEASE.jar;C:\Develop\mavenReposity\ch\qos\logback\logback-classic\1.2.3\logback-classic-1.2.3.jar;C:\Develop\mavenReposity\ch\qos\logback\logback-core\1.2.3\logback-core-1.2.3.jar;C:\Develop\mavenReposity\org\apache\logging\log4j\log4j-to-slf4j\2.11.2\log4j-to-slf4j-2.11.2.jar;C:\Develop\mavenReposity\org\apache\logging\log4j\log4j-api\2.11.2\log4j-api-2.11.2.jar;C:\Develop\mavenReposity\org\slf4j\jul-to-slf4j\1.7.26\jul-to-slf4j-1.7.26.jar;C:\Develop\mavenReposity\javax\annotation\javax.annotation-api\1.3.2\javax.annotation-api-1.3.2.jar;C:\Develop\mavenReposity\org\yaml\snakeyaml\1.23\snakeyaml-1.23.jar;C:\Develop\mavenReposity\org\thymeleaf\thymeleaf-spring5\3.0.11.RELEASE\thymeleaf-spring5-3.0.11.RELEASE.jar;C:\Develop\mavenReposity\org\thymeleaf\thymeleaf\3.0.11.RELEASE\thymeleaf-3.0.11.RELEASE.jar;C:\Develop\mavenReposity\org\attoparser\attoparser\2.0.5.RELEASE\attoparser-2.0.5.RELEASE.jar;C:\Develop\mavenReposity\org\unbescape\unbescape\1.1.6.RELEASE\unbescape-1.1.6.RELEASE.jar;C:\Develop\mavenReposity\org\thymeleaf\extras\thymeleaf-extras-java8time\3.0.4.RELEASE\thymeleaf-extras-java8time-3.0.4.RELEASE.jar;C:\Develop\mavenReposity\org\springframework\boot\spring-boot-starter-web\2.1.7.RELEASE\spring-boot-starter-web-2.1.7.RELEASE.jar;C:\Develop\mavenReposity\org\springframework\boot\spring-boot-starter-json\2.1.7.RELEASE\spring-boot-starter-json-2.1.7.RELEASE.jar;C:\Develop\mavenReposity\com\fasterxml\jackson\core\jackson-databind\2.9.9\jackson-databind-2.9.9.jar;C:\Develop\mavenReposity\com\fasterxml\jackson\core\jackson-annotations\2.9.0\jackson-annotations-2.9.0.jar;C:\Develop\mavenReposity\com\fasterxml\jackson\core\jackson-core\2.9.9\jackson-core-2.9.9.jar;C:\Develop\mavenReposity\com\fasterxml\jackson\datatype\jackson-datatype-jdk8\2.9.9\jackson-datatype-jdk8-2.9.9.jar;C:\Develop\mavenReposity\com\fasterxml\jackson\datatype\jackson-datatype-jsr310\2.9.9\jackson-datatype-jsr310-2.9.9.jar;C:\Develop\mavenReposity\com\fasterxml\jackson\module\jackson-module-parameter-names\2.9.9\jackson-module-parameter-names-2.9.9.jar;C:\Develop\mavenReposity\org\springframework\boot\spring-boot-starter-tomcat\2.1.7.RELEASE\spring-boot-starter-tomcat-2.1.7.RELEASE.jar;C:\Develop\mavenReposity\org\apache\tomcat\embed\tomcat-embed-core\9.0.22\tomcat-embed-core-9.0.22.jar;C:\Develop\mavenReposity\org\apache\tomcat\embed\tomcat-embed-el\9.0.22\tomcat-embed-el-9.0.22.jar;C:\Develop\mavenReposity\org\apache\tomcat\embed\tomcat-embed-websocket\9.0.22\tomcat-embed-websocket-9.0.22.jar;C:\Develop\mavenReposity\org\hibernate\validator\hibernate-validator\6.0.17.Final\hibernate-validator-6.0.17.Final.jar;C:\Develop\mavenReposity\javax\validation\validation-api\2.0.1.Final\validation-api-2.0.1.Final.jar;C:\Develop\mavenReposity\org\springframework\spring-web\5.1.9.RELEASE\spring-web-5.1.9.RELEASE.jar;C:\Develop\mavenReposity\org\springframework\spring-webmvc\5.1.9.RELEASE\spring-webmvc-5.1.9.RELEASE.jar;C:\Develop\mavenReposity\org\springframework\spring-expression\5.1.9.RELEASE\spring-expression-5.1.9.RELEASE.jar;C:\Develop\mavenReposity\com\h2database\h2\1.4.199\h2-1.4.199.jar;C:\Develop\mavenReposity\org\springframework\boot\spring-boot-starter-test\2.1.7.RELEASE\spring-boot-starter-test-2.1.7.RELEASE.jar;C:\Develop\mavenReposity\org\springframework\boot\spring-boot-test\2.1.7.RELEASE\spring-boot-test-2.1.7.RELEASE.jar;C:\Develop\mavenReposity\org\springframework\boot\spring-boot-test-autoconfigure\2.1.7.RELEASE\spring-boot-test-autoconfigure-2.1.7.RELEASE.jar;C:\Develop\mavenReposity\com\jayway\jsonpath\json-path\2.4.0\json-path-2.4.0.jar;C:\Develop\mavenReposity\net\minidev\json-smart\2.3\json-smart-2.3.jar;C:\Develop\mavenReposity\net\minidev\accessors-smart\1.2\accessors-smart-1.2.jar;C:\Develop\mavenReposity\org\ow2\asm\asm\5.0.4\asm-5.0.4.jar;C:\Develop\mavenReposity\org\assertj\assertj-core\3.11.1\assertj-core-3.11.1.jar;C:\Develop\mavenReposity\org\mockito\mockito-core\2.23.4\mockito-core-2.23.4.jar;C:\Develop\mavenReposity\net\bytebuddy\byte-buddy-agent\1.9.16\byte-buddy-agent-1.9.16.jar;C:\Develop\mavenReposity\org\objenesis\objenesis\2.6\objenesis-2.6.jar;C:\Develop\mavenReposity\org\hamcrest\hamcrest-library\1.3\hamcrest-library-1.3.jar;C:\Develop\mavenReposity\org\skyscreamer\jsonassert\1.5.0\jsonassert-1.5.0.jar;C:\Develop\mavenReposity\com\vaadin\external\google\android-json\0.0.20131108.vaadin1\android-json-0.0.20131108.vaadin1.jar;C:\Develop\mavenReposity\org\springframework\spring-core\5.1.9.RELEASE\spring-core-5.1.9.RELEASE.jar;C:\Develop\mavenReposity\org\springframework\spring-jcl\5.1.9.RELEASE\spring-jcl-5.1.9.RELEASE.jar;C:\Develop\mavenReposity\org\springframework\spring-test\5.1.9.RELEASE\spring-test-5.1.9.RELEASE.jar;C:\Develop\mavenReposity\org\xmlunit\xmlunit-core\2.6.3\xmlunit-core-2.6.3.jar;"/>
    <property name="sun.cpu.endian" value="little"/>
    <property name="user.home" value="C:\Users\PengWeiLi"/>
    <property name="user.language" value="zh"/>
    <property name="java.specification.vendor" value="Oracle Corporation"/>
    <property name="java.home" value="C:\eclipseDevelopmentPackage\ibm_sdk80\jre"/>
    <property name="ibm.signalhandling.rs" value="false"/>
    <property name="file.separator" value="\"/>
    <property name="basedir" value="C:\Users\PengWeiLi\leetcode\FSD-Assignments-07"/>
    <property name="line.separator" value="&#10;"/>
    <property name="java.vm.specification.vendor" value="Oracle Corporation"/>
    <property name="java.specification.name" value="Java Platform API Specification"/>
    <property name="java.compiler" value="j9jit29"/>
    <property name="com.ibm.util.extralibs.properties" value=""/>
    <property name="java.awt.graphicsenv" value="sun.awt.Win32GraphicsEnvironment"/>
    <property name="com.ibm.oti.configuration" value="scar"/>
    <property name="java.awt.fonts" value=""/>
    <property name="surefire.real.class.path" value="C:\Users\PENGWE~1\AppData\Local\Temp\surefire6349870836603880371\surefirebooter6449661204078164181.jar"/>
    <property name="com.ibm.oti.shared.enabled" value="false"/>
    <property name="sun.boot.class.path" value="C:\eclipseDevelopmentPackage\ibm_sdk80\jre\bin\compressedrefs\jclSC180\vm.jar;C:\eclipseDevelopmentPackage\ibm_sdk80\jre\lib\se-service.jar;C:\eclipseDevelopmentPackage\ibm_sdk80\jre\lib\cuda4j.jar;C:\eclipseDevelopmentPackage\ibm_sdk80\jre\lib\math.jar;C:\eclipseDevelopmentPackage\ibm_sdk80\jre\lib\ibmorb.jar;C:\eclipseDevelopmentPackage\ibm_sdk80\jre\lib\ibmorbapi.jar;C:\eclipseDevelopmentPackage\ibm_sdk80\jre\lib\ibmcfw.jar;C:\eclipseDevelopmentPackage\ibm_sdk80\jre\lib\ibmpkcs.jar;C:\eclipseDevelopmentPackage\ibm_sdk80\jre\lib\ibmcertpathfw.jar;C:\eclipseDevelopmentPackage\ibm_sdk80\jre\lib\ibmjgssfw.jar;C:\eclipseDevelopmentPackage\ibm_sdk80\jre\lib\ibmjssefw.jar;C:\eclipseDevelopmentPackage\ibm_sdk80\jre\lib\ibmsaslfw.jar;C:\eclipseDevelopmentPackage\ibm_sdk80\jre\lib\ibmjcefw.jar;C:\eclipseDevelopmentPackage\ibm_sdk80\jre\lib\ibmjgssprovider.jar;C:\eclipseDevelopmentPackage\ibm_sdk80\jre\lib\ibmjsseprovider2.jar;C:\eclipseDevelopmentPackage\ibm_sdk80\jre\lib\ibmcertpathprovider.jar;C:\eclipseDevelopmentPackage\ibm_sdk80\jre\lib\xmldsigfw.jar;C:\eclipseDevelopmentPackage\ibm_sdk80\jre\lib\xml.jar;C:\eclipseDevelopmentPackage\ibm_sdk80\jre\lib\charsets.jar;C:\eclipseDevelopmentPackage\ibm_sdk80\jre\lib\resources.jar;C:\eclipseDevelopmentPackage\ibm_sdk80\jre\lib\rt.jar;C:\eclipseDevelopmentPackage\ibm_sdk80\jre\lib\dataaccess.jar"/>
    <property name="com.ibm.oti.vm.bootstrap.library.path" value="C:\eclipseDevelopmentPackage\ibm_sdk80\jre\bin\compressedrefs;C:\eclipseDevelopmentPackage\ibm_sdk80\jre\bin"/>
    <property name="com.ibm.cpu.endian" value="little"/>
    <property name="java.fullversion" value="8.0.5.5 - pwa6480sr5fp5-20171114_01(SR5 FP5)&#10;JRE 1.8.0 IBM J9 2.9 Windows 10 amd64-64 Compressed References 20171102_369060 (JIT enabled, AOT enabled)&#10;OpenJ9   - 7ade437&#10;OMR      - 1b656cb&#10;IBM      - 59c3d96"/>
    <property name="java.runtime.version" value="8.0.5.5 - pwa6480sr5fp5-20171114_01(SR5 FP5)"/>
    <property name="user.name" value="PengWeiLi"/>
    <property name="path.separator" value=";"/>
    <property name="os.version" value="10.0"/>
    <property name="java.endorsed.dirs" value="C:\eclipseDevelopmentPackage\ibm_sdk80\jre\lib\endorsed"/>
    <property name="java.runtime.name" value="Java(TM) SE Runtime Environment"/>
    <property name="ibm.signalhandling.sigint" value="true"/>
    <property name="file.encoding" value="GB18030"/>
    <property name="java.vm.name" value="IBM J9 VM"/>
    <property name="ibm.signalhandling.sigchain" value="true"/>
    <property name="localRepository" value="C:\Develop\mavenReposity"/>
    <property name="java.io.tmpdir" value="C:\Users\PENGWE~1\AppData\Local\Temp\"/>
    <property name="java.version" value="1.8.0_151"/>
    <property name="com.ibm.system.agent.path" value="C:\eclipseDevelopmentPackage\ibm_sdk80\jre\bin"/>
    <property name="user.dir" value="C:\Users\PengWeiLi\leetcode\FSD-Assignments-07"/>
    <property name="os.arch" value="amd64"/>
    <property name="java.vm.specification.name" value="Java Virtual Machine Specification"/>
    <property name="java.awt.printerjob" value="sun.awt.windows.WPrinterJob"/>
    <property name="os.encoding" value="UTF8"/>
    <property name="console.encoding" value="MS936"/>
    <property name="java.library.path" value="C:\eclipseDevelopmentPackage\ibm_sdk80\jre\bin\compressedrefs;C:\eclipseDevelopmentPackage\ibm_sdk80\jre\bin;C:\WINDOWS\system32;C:\WINDOWS;C:\Program Files\IBM\MQ\java\lib;C:\Program Files\IBM\MQ\java\lib64;C:\eclipseDevelopmentPackage\ibm_sdk80\bin;C:\ProgramData\Oracle\Java\javapath;C:\WINDOWS\system32;C:\WINDOWS;C:\WINDOWS\System32\Wbem;C:\WINDOWS\System32\WindowsPowerShell\v1.0\;C:\WINDOWS\System32\OpenSSH\;C:\Program Files\IBM\MQ\bin64;C:\Program Files\IBM\MQ\bin;C:\Program Files\IBM\MQ\tools\c\samples\bin64;C:\Program Files\IBM\MQ\tools\c\samples\bin;C:\Program Files\TortoiseSVN\bin;C:\Program Files (x86)\Intel\Intel(R) Management Engine Components\DAL;C:\Program Files\Intel\Intel(R) Management Engine Components\DAL;C:\Users\PengWeiLi\Documents\Tools\apache-maven-3.5.3\bin;C:\Users\PengWeiLi\Documents\Tools\mysql\bin;C:\Program Files\Intel\WiFi\bin\;C:\Program Files\Common Files\Intel\WirelessCommon\;C:\Program Files\CrashPlan\jre\bin\server\;C:\Program Files\CrashPlan\jre\bin\;C:\Users\PengWeiLi\Documents\Tools\Git\cmd;C:\Program Files\nodejs\;C:\Users\PengWeiLi\AppData\Local\Microsoft\WindowsApps;C:\Program Files\Intel\WiFi\bin\;C:\Program Files\Common Files\Intel\WirelessCommon\;C:\Users\PengWeiLi\AppData\Local\Programs\Microsoft VS Code\bin;C:\Users\PengWeiLi\AppData\Roaming\npm;C:\Users\PengWeiLi\AppData\Local\Box\Box Edit\;."/>
    <property name="java.vendor" value="IBM Corporation"/>
    <property name="java.vm.info" value="JRE 1.8.0 Windows 10 amd64-64 Compressed References 20171102_369060 (JIT enabled, AOT enabled)&#10;OpenJ9   - 7ade437&#10;OMR      - 1b656cb&#10;IBM      - 59c3d96"/>
    <property name="java.vm.version" value="2.9"/>
    <property name="com.ibm.jcl.checkClassPath" value=""/>
    <property name="ibm.system.encoding" value="GB18030"/>
    <property name="sun.io.unicode.encoding" value="UnicodeLittle"/>
    <property name="java.ext.dirs" value="C:\eclipseDevelopmentPackage\ibm_sdk80\jre\lib\ext"/>
    <property name="java.class.version" value="52.0"/>
  </properties>
  <testcase name="shouldAnswerWithTrue" classname="com.lipengwei.fsd.AppTest" time="0.003"/>
</testsuite>